<?xml version="1.0" encoding="UTF-8"?>
<testsuite name="ru.netology.qa.LocalTest" tests="3" skipped="0" failures="0" errors="0" timestamp="2024-04-16T19:22:26" hostname="DESKTOP-GHS2GS9" time="33.568">
  <properties/>
  <testcase name="Test for trying to set an empty string" classname="ru.netology.qa.LocalTest" time="11.577"/>
  <testcase name="Test for opening text in a new Activity" classname="ru.netology.qa.LocalTest" time="10.491"/>
  <testcase name="Test for changing the standard message" classname="ru.netology.qa.LocalTest" time="11.495"/>
  <system-out><![CDATA[]]></system-out>
  <system-err><![CDATA[апр. 16, 2024 10:22:34 PM io.appium.java_client.remote.AppiumCommandExecutor$1 lambda$0
INFO: Detected dialect: W3C
апр. 16, 2024 10:22:44 PM io.appium.java_client.remote.AppiumCommandExecutor$1 lambda$0
INFO: Detected dialect: W3C
апр. 16, 2024 10:22:55 PM io.appium.java_client.remote.AppiumCommandExecutor$1 lambda$0
INFO: Detected dialect: W3C
]]></system-err>
</testsuite>
