<?xml version="1.0" encoding="UTF-8"?>
<testsuite name="ru.netology.qa.LocalTest" tests="3" skipped="0" failures="0" errors="0" timestamp="2024-04-15T19:49:28" hostname="DESKTOP-GHS2GS9" time="35.404">
  <properties/>
  <testcase name="Test for trying to set an empty string" classname="ru.netology.qa.LocalTest" time="12.231"/>
  <testcase name="Test for opening text in a new Activity" classname="ru.netology.qa.LocalTest" time="11.257"/>
  <testcase name="Test for changing the standard message" classname="ru.netology.qa.LocalTest" time="11.912"/>
  <system-out><![CDATA[]]></system-out>
  <system-err><![CDATA[апр. 15, 2024 10:49:36 PM io.appium.java_client.remote.AppiumCommandExecutor$1 lambda$0
INFO: Detected dialect: W3C
апр. 15, 2024 10:49:47 PM io.appium.java_client.remote.AppiumCommandExecutor$1 lambda$0
INFO: Detected dialect: W3C
апр. 15, 2024 10:49:58 PM io.appium.java_client.remote.AppiumCommandExecutor$1 lambda$0
INFO: Detected dialect: W3C
]]></system-err>
</testsuite>
